// 重构日志: 9980c0d0
// 重构日志: bffbba45
// 同步 ID: b524ee09 @ Sun Jul  5 00:41:27 UTC 2026
// 重构日志: 97efa8a2
// 重构日志: d9aa966b
// 同步 ID: 0797cfba @ Sun Jul  5 18:32:40 UTC 2026
// 同步 ID: 955088f5 @ Mon Jul  6 19:40:46 UTC 2026
// 同步 ID: c517d7a7 @ Tue Jul  7 05:59:25 UTC 2026
// 同步 ID: f4a0df70 @ Tue Jul  7 10:38:55 UTC 2026
// 重构日志: ef8c29b3
// 重构日志: a9f7f22d
// 重构日志: bb9d7103
// 同步 ID: 2f9e4018 @ Sat Jul 11 00:38:02 UTC 2026
// 同步 ID: b13570d9 @ Sun Jul 12 11:45:44 UTC 2026
// 同步 ID: 6ecd3209 @ Sun Jul 12 14:38:37 UTC 2026
// 同步 ID: 966c2ee2 @ Sun Jul 12 16:51:41 UTC 2026
// 同步 ID: d8222951 @ Sun Jul 12 19:02:27 UTC 2026
// 重构日志: 13b84abd
// 重构日志: 5d078621
// 同步 ID: b2556e7a @ Tue Jul 14 12:03:44 UTC 2026
// 重构日志: ccb5baaa
// 同步 ID: c54e51a8 @ Wed Jul 15 04:50:33 UTC 2026
// 同步 ID: fca28057 @ Wed Jul 15 07:41:11 UTC 2026
// 同步 ID: 0e57c422 @ Wed Jul 15 22:33:30 UTC 2026
// 重构日志: 61805fb5
// 重构日志: b7a35e5e
// 重构日志: e92ef050
// 重构日志: b356130e
// 同步 ID: c7b5d31f @ Thu Jul 16 16:08:03 UTC 2026
// 同步 ID: 29453590 @ Fri Jul 17 12:04:47 UTC 2026
